<?xml version="1.0" encoding="UTF-8"?>
<!-- Generated by org.testng.reporters.JUnitReportReporter -->
<testsuite hostname="IN-PG02NME2" failures="0" tests="4" name="tests.LoginTest" time="22.851" errors="0" timestamp="2023-08-07T11:35:47 IST" skipped="0">
  <testcase classname="tests.LoginTest" name="verifyLoginWithValidCredentials" time="4.045"/>
  <system-out/>
  <testcase classname="tests.LoginTest" name="verifyLoginWithInvalidCredentials" time="10.518"/>
  <system-out/>
  <testcase classname="tests.LoginTest" name="verifyLoginWithInvalidPassword" time="3.805"/>
  <system-out/>
  <testcase classname="tests.LoginTest" name="verifyLoginWithInvalidUsername" time="4.483"/>
  <system-out/>
</testsuite> <!-- tests.LoginTest -->
