<?xml version="1.0" encoding="UTF-8"?>
<!-- Generated by org.testng.reporters.JUnitReportReporter -->
<testsuite hostname="IN-PG02NME2" failures="0" tests="1" name="tests.LogoutTest" time="65.877" errors="0" timestamp="2023-08-05T00:06:51 IST" skipped="0">
  <testcase classname="tests.LogoutTest" name="verifyAddToCartFunctionality" time="65.877"/>
  <system-out/>
</testsuite> <!-- tests.LogoutTest -->
