<?xml version="1.0" encoding="UTF-8"?>
<!-- Generated by org.testng.reporters.JUnitReportReporter -->
<testsuite hostname="IN-PG02NME2" failures="0" tests="4" name="tests.LoginTest" time="13.903" errors="0" timestamp="2023-08-05T00:06:51 IST" skipped="0">
  <testcase classname="tests.LoginTest" name="verifyLoginWithInvalidPassword" time="2.958"/>
  <system-out/>
  <testcase classname="tests.LoginTest" name="verifyLoginWithInvalidCredentials" time="2.939"/>
  <system-out/>
  <testcase classname="tests.LoginTest" name="verifyLoginWithValidCredentials" time="3.065"/>
  <system-out/>
  <testcase classname="tests.LoginTest" name="verifyLoginWithInvalidUsername" time="4.941"/>
  <system-out/>
</testsuite> <!-- tests.LoginTest -->
