<?xml version="1.0" encoding="UTF-8"?>
<!-- Generated by org.testng.reporters.JUnitReportReporter -->
<testsuite hostname="IN-PG02NME2" failures="0" tests="1" name="tests.AddToCartTest" time="5.640" errors="0" timestamp="2023-08-07T11:35:47 IST" skipped="0">
  <testcase classname="tests.AddToCartTest" name="verifyAddToCartFunctionality" time="5.640"/>
  <system-out/>
</testsuite> <!-- tests.AddToCartTest -->
