<?xml version="1.0" encoding="UTF-8"?>
<!-- Generated by org.testng.reporters.JUnitReportReporter -->
<testsuite hostname="IN-PG02NME2" failures="0" tests="1" name="tests.LogoutTest" time="12.412" errors="0" timestamp="2023-08-06T16:35:52 IST" skipped="0">
  <testcase classname="tests.LogoutTest" name="verifyAddToCartFunctionality" time="12.412"/>
  <system-out/>
</testsuite> <!-- tests.LogoutTest -->
