<?xml version="1.0" encoding="UTF-8"?>
<!-- Generated by org.testng.reporters.JUnitReportReporter -->
<testsuite hostname="IN-PG02NME2" failures="0" tests="4" name="tests.LoginTest" time="17.735" errors="0" timestamp="2023-08-05T14:27:20 IST" skipped="0">
  <testcase classname="tests.LoginTest" name="verifyLoginWithInvalidCredentials" time="4.392"/>
  <testcase classname="tests.LoginTest" name="verifyLoginWithInvalidPassword" time="4.172"/>
  <testcase classname="tests.LoginTest" name="verifyLoginWithInvalidUsername" time="4.901"/>
  <testcase classname="tests.LoginTest" name="verifyLoginWithValidCredentials" time="4.270"/>
</testsuite> <!-- tests.LoginTest -->
